74015 config: JY v2.0.CMake May  2 2019.
74015 config: ============ InitializeSystem ============
74015 config: BenzeneProgram::InitRandom()
74015 config: Seed = 1556830146
74015 config: IcePatternSet: reading from '/Users/gc/repos/benzene-vanilla-cmake/share/ice-patterns.txt'.
74015 config: IcePatternSet: parsed 708 patterns.
74015 config: VCS: reading captured set patterns from '/Users/gc/repos/benzene-vanilla-cmake/share/vc-captured-set.txt'.
74015 config: VCS:: parsed 2 patterns.
74015 config: VCS: reading captured set patterns from '/Users/gc/repos/benzene-vanilla-cmake/share/vc-captured-set.txt'.
74015 config: VCS:: parsed 2 patterns.
74015 config: IcePatternSet: reading from '/Users/gc/repos/benzene-vanilla-cmake/share/ice-patterns.txt'.
74015 config: IcePatternSet: parsed 708 patterns.
74015 config: VCS: reading captured set patterns from '/Users/gc/repos/benzene-vanilla-cmake/share/vc-captured-set.txt'.
74015 config: VCS:: parsed 2 patterns.
74015 config: VCS: reading captured set patterns from '/Users/gc/repos/benzene-vanilla-cmake/share/vc-captured-set.txt'.
74015 config: VCS:: parsed 2 patterns.
74015 info: boardsize: 9
74015 info: Num of loaded patterns: 715
74015 info: Current pattern list:{1,}
74015 info: 
Default pattern file: /Users/gc/repos/benzene-vanilla-cmake/share/hex99-3.txt
74015 info: 
Num of lines in pattern file:26231
74015 config: VCS: reading captured set patterns from '/Users/gc/repos/benzene-vanilla-cmake/share/vc-captured-set.txt'.
74015 config: VCS:: parsed 2 patterns.
74015 config: VCS: reading captured set patterns from '/Users/gc/repos/benzene-vanilla-cmake/share/vc-captured-set.txt'.
74015 config: VCS:: parsed 2 patterns.
74015 config: VCS: reading captured set patterns from '/Users/gc/repos/benzene-vanilla-cmake/share/vc-captured-set.txt'.
74015 config: VCS:: parsed 2 patterns.
74015 config: VCS: reading captured set patterns from '/Users/gc/repos/benzene-vanilla-cmake/share/vc-captured-set.txt'.
74015 config: VCS:: parsed 2 patterns.
74015 info: after rotation last move:f4
74015 info: last point:f4
74015 info: Pattern to decompose:1 BN:10 Decompos into:{
74015 info: 370 80 79 78 77 76 75 74 73 72 71 70 69 68 67 66 65 64 63 62 61 60 59 58 57 56 55 54 53 52 51 50 49 48 47 46 45 44 43 42 41 40 39 38 37 36 35 34 31 30 29 28 27 26 25 24 23 22 21 20 19 18 17 16 15 14 13 12 11 10 9 8 7 6 5 4 3 2 1 
74015 info: }
74015 info: after rotation last move:f2
74015 info: last point:f2
74015 info: Pattern to decompose:370 BN:14 Decompos into:{
74015 info: 2 70 71 
74015 info: 86 48 56 57 58 55 65 66 67 54 63 73 74 75 76 
74015 info: 285 53 47 46 45 41 40 39 38 37 36 35 34 33 32 31 30 29 28 27 26 25 24 23 22 21 20 19 18 17 16 15 14 13 12 11 10 9 8 7 6 5 4 3 2 1 
74015 info: }
74015 info: after rotation last move:g2
74015 info: last point:g2
74015 info: Pattern to decompose:86 BN:1 Decompos into:{
74015 info: 2 1 2 
74015 info: 5 4 6 7 8 11 12 13 14 
74015 info: }
74015 info: after rotation last move:e6
74015 info: last point:e6
74015 info: Pattern to decompose:285 BN:3 Decompos into:{
74015 info: 288 1 2 3 4 6 7 8 9 15 16 17 18 21 22 23 24 25 26 27 29 30 31 32 33 34 35 36 37 38 39 40 41 42 43 44 45 
74015 info: }
74015 info: after rotation last move:c8
74015 info: last point:c8
74015 info: Pattern to decompose:288 BN:1 Decompos into:{
74015 info: 289 1 2 3 4 5 6 7 8 9 10 11 12 15 16 17 18 19 22 23 24 25 26 27 30 31 32 33 34 35 36 
74015 info: }
74015 info: after rotation last move:d8
74015 info: last point:d8
74015 info: Pattern to decompose:289 BN:1 Decompos into:{
74015 info: 5 15 19 20 21 25 26 27 28 
74015 info: 12 1 2 3 5 6 9 10 13 
74015 info: }
74015 info: after rotation last move:e7
74015 info: last point:e7
74015 info: Pattern to decompose:12 BN:1 Decompos into:{
74015 info: 2 6 7 
74015 info: 13 1 2 3 4 
74015 info: }
74015 info: after rotation last move:g4
74015 info: last point:g4
74015 info: Pattern to decompose:13 BN:0 Decompos into:{ }
74015 info: after rotation last move:g4
74015 info: last point:g4
74015 info: Pattern to decompose:13 BN:0 Decompos into:{ }
74015 info: after rotation last move:e9
74015 info: last point:e9
74015 info: Pattern to decompose:5 BN:1 Decompos into:{
74015 info: 2 7 8 
74015 info: 2 1 3 
74015 info: }
74015 info: after rotation last move:f8
74015 info: last point:f8
74015 info: Pattern to decompose:2 BN:1 Decompos into:{ }
74015 info: after rotation last move:f6
74015 info: last point:f6
74015 info: Pattern to decompose:2 BN:0 Decompos into:{ }
74015 info: after rotation last move:f9
74015 info: last point:f9
74015 info: Pattern to decompose:2 BN:0 Decompos into:{ }
74015 info: after rotation last move:e3
74015 info: last point:e3
74015 info: Pattern to decompose:2 BN:1 Decompos into:{ }
74015 info: after rotation last move:e2
74015 info: last point:e2
74015 info: Pattern to decompose:5 BN:1 Decompos into:{
74015 info: 2 7 8 
74015 info: 2 1 3 
74015 info: }
74015 info: after rotation last move:d2
74015 info: last point:d2
74015 info: Pattern to decompose:2 BN:1 Decompos into:{ }
74015 info: after rotation last move:d1
74015 info: last point:d1
74015 info: Pattern to decompose:2 BN:0 Decompos into:{ }
74015 info: last point:e4
74015 info: Pattern to decompose:1 BN:7 Decompos into:{
74015 info: 343 80 79 78 77 76 75 74 73 72 71 70 69 68 67 66 65 64 63 62 61 60 59 58 57 56 55 54 53 52 51 50 49 48 47 46 45 44 43 42 41 40 39 38 37 36 35 34 31 30 29 28 27 26 25 24 23 22 21 20 19 18 17 16 15 14 13 12 11 10 9 8 7 6 5 4 3 2 1 
74015 info: }
74015 info: last point:g2
74015 info: Pattern to decompose:343 BN:5 Decompos into:{
74015 info: 360 1 2 3 4 5 6 7 8 9 10 11 12 13 14 15 16 17 18 19 20 21 22 23 24 25 26 27 28 29 30 31 32 33 34 35 36 37 38 39 40 41 42 43 44 45 46 47 48 49 50 51 52 53 54 56 57 58 59 60 61 62 64 65 66 67 68 69 70 71 72 73 74 75 76 77 78 
74015 info: }
74015 info: last point:f2
74015 info: Pattern to decompose:360 BN:2 Decompos into:{
74015 info: 5 57 63 64 65 71 72 73 74 
74015 info: 365 1 2 3 4 5 6 7 8 9 10 11 12 13 14 15 16 17 18 19 20 21 22 23 24 25 26 27 28 29 30 31 32 33 34 35 36 37 38 39 40 41 42 43 44 45 46 47 48 49 50 51 52 53 54 55 60 61 61 68 69 
74015 info: }
74015 info: last point:e3
74015 info: Pattern to decompose:365 BN:2 Decompos into:{
74015 info: 2 48 49 
74015 info: 364 1 2 3 4 5 6 7 8 9 10 11 12 13 14 15 16 17 18 19 20 21 22 23 24 25 26 27 28 29 30 31 32 33 34 35 36 37 38 39 40 41 45 46 47 52 53 54 56 57 58 59 
74015 info: }
74015 info: last point:c6
74015 info: Pattern to decompose:364 BN:1 Decompos into:{
74015 info: 13 51 49 48 47 
74015 info: 570 46 44 43 40 39 38 33 32 31 30 29 25 24 23 22 21 20 17 16 15 14 13 12 11 9 8 7 6 5 4 3 2 
74015 info: }
74015 info: last point:d4
74015 info: Pattern to decompose:2 BN:0 Decompos into:{ }
74015 info: last point:d7
74015 info: Pattern to decompose:570 BN:9 Decompos into:{
74015 info: 2 4 8 
74015 info: 571 1 2 3 5 6 10 11 14 15 16 17 20 21 22 23 24 27 28 29 30 31 32 
74015 info: }
74015 info: last point:e6
74015 info: Pattern to decompose:2 BN:1 Decompos into:{ }
74015 info: last point:e8
74015 info: Pattern to decompose:571 BN:1 Decompos into:{
74015 info: 2 6 9 
74015 info: 5 11 14 15 16 19 20 21 22 
74015 info: }
74015 info: last point:f7
74015 info: Pattern to decompose:2 BN:1 Decompos into:{ }
74015 info: last point:f8
74015 info: Pattern to decompose:5 BN:1 Decompos into:{
74015 info: 2 7 8 
74015 info: 2 1 3 
74015 info: }
74015 info: last point:g8
74015 info: Pattern to decompose:2 BN:1 Decompos into:{ }
74015 info: last point:g9
74015 info: Pattern to decompose:2 BN:0 Decompos into:{ }
74015 info: last point:e1
74015 info: Pattern to decompose:5 BN:1 Decompos into:{
74015 info: 2 7 8 
74015 info: 2 1 3 
74015 info: }
74015 info: last point:d2
74015 info: Pattern to decompose:2 BN:1 Decompos into:{ }
74015 info: last point:d1
74015 info: Pattern to decompose:2 BN:0 Decompos into:{ }
74015 info: last point:g9
74015 info: Pattern to decompose:2 BN:0 Decompos into:{ }
